Arguments: 
  C:\Program Files\nodejs\node.exe C:\Users\Ortal\AppData\Roaming\npm\node_modules\yarn\bin\yarn.js

PATH: 
  C:\Program Files (x86)\Common Files\Oracle\Java\javapath;C:\WINDOWS\system32;C:\WINDOWS;C:\WINDOWS\System32\Wbem;C:\WINDOWS\System32\WindowsPowerShell\v1.0\;C:\WINDOWS\System32\OpenSSH\;C:\Program Files\nodejs\;C:\Program Files\Git\cmd;C:\Program Files\MySQL\MySQL Shell 8.0\bin\;C:\Users\Ortal\AppData\Local\Microsoft\WindowsApps;;C:\Users\Ortal\AppData\Local\Programs\Microsoft VS Code\bin;C:\Users\Ortal\AppData\Roaming\npm

Yarn version: 
  1.22.17

Node version: 
  16.13.0

Platform: 
  win32 x64

Trace: 
  SyntaxError: C:\Users\Ortal\Documents\research-portal\packages\backend\package.json: Unexpected token < in JSON at position 217
      at JSON.parse (<anonymous>)
      at C:\Users\Ortal\AppData\Roaming\npm\node_modules\yarn\lib\cli.js:1625:59
      at Generator.next (<anonymous>)
      at step (C:\Users\Ortal\AppData\Roaming\npm\node_modules\yarn\lib\cli.js:310:30)
      at C:\Users\Ortal\AppData\Roaming\npm\node_modules\yarn\lib\cli.js:321:13

npm manifest: 
  {
    "name": "@r/root",
    "version": "1.0.0",
    "description": "Research Portal",
    "private": true,
    "workspaces": [
      "packages/*"
    ],
    "scripts": {
      "prepare": "husky install",
      "start:dev": "yarn workspaces run start:dev",
      "lint": "yarn workspaces run lint",
      "format": "yarn workspaces run format"
    },
    "devDependencies": {
      "@commitlint/cli": "^16.1.0",
      "@commitlint/config-conventional": "^16.0.0",
      "commitizen": "^4.2.4",
      "cz-conventional-changelog": "^3.3.0",
      "git-cz": "^4.8.0",
      "husky": "^7.0.4",
      "hygen": "^6.1.0",
      "lint-staged": "^12.3.3",
      "prettier": "^2.5.1",
      "eslint": "^8.10.0"
  
    },
    "dependencies": {
      "eslint-plugin-unused-imports": "2.0.0"
    }
  }

yarn manifest: 
  No manifest

Lockfile: 
  No lockfile
